<?xml version="1.0" encoding="UTF-8"?>
<testsuites name="jest tests" tests="19" failures="0" time="0.873">
  <testsuite name="defer" errors="0" failures="0" skipped="0" timestamp="2025-05-14T06:58:38" time="0.358" tests="4">
    <testcase classname="defer Return defer object" name="defer Return defer object" time="0.002">
    </testcase>
    <testcase classname="defer #resolve Resolve with given value" name="defer #resolve Resolve with given value" time="0.001">
    </testcase>
    <testcase classname="defer #resolve Wont resolve twice" name="defer #resolve Wont resolve twice" time="0">
    </testcase>
    <testcase classname="defer #resolved Return state" name="defer #resolved Return state" time="0">
    </testcase>
  </testsuite>
  <testsuite name="Smartcaptcha" errors="0" failures="0" skipped="0" timestamp="2025-05-14T06:58:38" time="0.176" tests="3">
    <testcase classname="Smartcaptcha Should render SmartCAPTCHA" name="Smartcaptcha Should render SmartCAPTCHA" time="0">
    </testcase>
    <testcase classname="Smartcaptcha Can reset/execute" name="Smartcaptcha Can reset/execute" time="0">
    </testcase>
    <testcase classname="Smartcaptcha will load smartcaptcha script when `loadSmartcaptchaScript` set to `true`" name="Smartcaptcha will load smartcaptcha script when `loadSmartcaptchaScript` set to `true`" time="0.005">
    </testcase>
  </testsuite>
  <testsuite name="smartcaptcha" errors="0" failures="0" skipped="0" timestamp="2025-05-14T06:58:38" time="0.045" tests="12">
    <testcase classname="smartcaptcha #createSmartcaptcha #assertLoaded When SmartCAPTCHA not loaded Throw error" name="smartcaptcha #createSmartcaptcha #assertLoaded When SmartCAPTCHA not loaded Throw error" time="0.002">
    </testcase>
    <testcase classname="smartcaptcha #createSmartcaptcha #assertLoaded When SmartCAPTCHA loaded Not throw error" name="smartcaptcha #createSmartcaptcha #assertLoaded When SmartCAPTCHA loaded Not throw error" time="0">
    </testcase>
    <testcase classname="smartcaptcha #createSmartcaptcha #checkSmartcaptchaLoad When SmartCAPTCHA not loaded Not load SmartCAPTCHA into it" name="smartcaptcha #createSmartcaptcha #checkSmartcaptchaLoad When SmartCAPTCHA not loaded Not load SmartCAPTCHA into it" time="0.001">
    </testcase>
    <testcase classname="smartcaptcha #createSmartcaptcha #checkSmartcaptchaLoad When SmartCAPTCHA loaded Load SmartCAPTCHA" name="smartcaptcha #createSmartcaptcha #checkSmartcaptchaLoad When SmartCAPTCHA loaded Load SmartCAPTCHA" time="0">
    </testcase>
    <testcase classname="smartcaptcha #createSmartcaptcha #wait When smartcaptcha not loaded Return defered object" name="smartcaptcha #createSmartcaptcha #wait When smartcaptcha not loaded Return defered object" time="0">
    </testcase>
    <testcase classname="smartcaptcha #createSmartcaptcha #notify Resolve the deferred" name="smartcaptcha #createSmartcaptcha #notify Resolve the deferred" time="0">
    </testcase>
    <testcase classname="smartcaptcha #createSmartcaptcha #render Render SmartCAPTCHA" name="smartcaptcha #createSmartcaptcha #render Render SmartCAPTCHA" time="0">
    </testcase>
    <testcase classname="smartcaptcha #createSmartcaptcha #reset When pass widget id Reset SmartCAPTCHA" name="smartcaptcha #createSmartcaptcha #reset When pass widget id Reset SmartCAPTCHA" time="0">
    </testcase>
    <testcase classname="smartcaptcha #createSmartcaptcha #reset When not pass widget id Do nothing" name="smartcaptcha #createSmartcaptcha #reset When not pass widget id Do nothing" time="0.001">
    </testcase>
    <testcase classname="smartcaptcha #createSmartcaptcha #execute When pass widget id Execute SmartCAPTCHA" name="smartcaptcha #createSmartcaptcha #execute When pass widget id Execute SmartCAPTCHA" time="0">
    </testcase>
    <testcase classname="smartcaptcha #createSmartcaptcha #execute When not pass widget id Do nothing" name="smartcaptcha #createSmartcaptcha #execute When not pass widget id Do nothing" time="0">
    </testcase>
    <testcase classname="smartcaptcha window.vueSmartcaptchaApiLoaded Load smartCaptcha" name="smartcaptcha window.vueSmartcaptchaApiLoaded Load smartCaptcha" time="0.001">
    </testcase>
  </testsuite>
</testsuites>